# JRE version: OpenJDK Runtime Environment Temurin-17.0.13+11 (17.0.13+11) (build 17.0.13+11)
# Java VM: OpenJDK 64-Bit Server VM Temurin-17.0.13+11 (17.0.13+11, mixed mode, tiered, compressed oops, compressed class ptrs, parallel gc, windows-amd64)
GC Precious Log:
 CPUs: 8 total, 8 available
 Memory: 16157M
 Large Page Support: Disabled
 NUMA Support: Disabled
 Compressed Oops: Enabled (32-bit)
 Alignments: Space 512K, Generation 512K, Heap 2M
 Heap Min Capacity: 100M
 Heap Initial Capacity: 100M
 Heap Max Capacity: 1G
 Pre-touch: Disabled
 Parallel Workers: 8
Heap:
 PSYoungGen      total 22528K, used 9245K [0x00000000eab00000, 0x00000000ec580000, 0x0000000100000000)
  eden space 22016K, 40% used [0x00000000eab00000,0x00000000eb39f698,0x00000000ec080000)
  from space 512K, 81% used [0x00000000ec500000,0x00000000ec568000,0x00000000ec580000)
  to   space 1024K, 0% used [0x00000000ec380000,0x00000000ec380000,0x00000000ec480000)
 ParOldGen       total 68608K, used 41752K [0x00000000c0000000, 0x00000000c4300000, 0x00000000eab00000)
  object space 68608K, 60% used [0x00000000c0000000,0x00000000c28c6218,0x00000000c4300000)
 Metaspace       used 73654K, committed 74560K, reserved 1114112K
  class space    used 9005K, committed 9408K, reserved 1048576K
GC Heap History (20 events):
Event: 44.362 GC heap before
{Heap before GC invocations=36 (full 3):
 PSYoungGen      total 22528K, used 22368K [0x00000000eab00000, 0x00000000ec700000, 0x0000000100000000)
  eden space 22016K, 100% used [0x00000000eab00000,0x00000000ec080000,0x00000000ec080000)
  from space 512K, 68% used [0x00000000ec680000,0x00000000ec6d8000,0x00000000ec700000)
  to   space 1024K, 0% used [0x00000000ec500000,0x00000000ec500000,0x00000000ec600000)
 ParOldGen       total 68608K, used 40544K [0x00000000c0000000, 0x00000000c4300000, 0x00000000eab00000)
  object space 68608K, 59% used [0x00000000c0000000,0x00000000c27983d8,0x00000000c4300000)
 Metaspace       used 70860K, committed 71808K, reserved 1114112K
  class space    used 8602K, committed 8960K, reserved 1048576K
}
Event: 44.365 GC heap after
{Heap after GC invocations=36 (full 3):
 PSYoungGen      total 23040K, used 490K [0x00000000eab00000, 0x00000000ec700000, 0x0000000100000000)
  eden space 22016K, 0% used [0x00000000eab00000,0x00000000eab00000,0x00000000ec080000)
  from space 1024K, 47% used [0x00000000ec500000,0x00000000ec57aa50,0x00000000ec600000)
  to   space 1024K, 0% used [0x00000000ec600000,0x00000000ec600000,0x00000000ec700000)
 ParOldGen       total 68608K, used 40736K [0x00000000c0000000, 0x00000000c4300000, 0x00000000eab00000)
  object space 68608K, 59% used [0x00000000c0000000,0x00000000c27c80e8,0x00000000c4300000)
 Metaspace       used 70860K, committed 71808K, reserved 1114112K
  class space    used 8602K, committed 8960K, reserved 1048576K
}
Event: 44.980 GC heap before
{Heap before GC invocations=37 (full 3):
 PSYoungGen      total 23040K, used 22506K [0x00000000eab00000, 0x00000000ec700000, 0x0000000100000000)
  eden space 22016K, 100% used [0x00000000eab00000,0x00000000ec080000,0x00000000ec080000)
  from space 1024K, 47% used [0x00000000ec500000,0x00000000ec57aa50,0x00000000ec600000)
  to   space 1024K, 0% used [0x00000000ec600000,0x00000000ec600000,0x00000000ec700000)
 ParOldGen       total 68608K, used 40736K [0x00000000c0000000, 0x00000000c4300000, 0x00000000eab00000)
  object space 68608K, 59% used [0x00000000c0000000,0x00000000c27c80e8,0x00000000c4300000)
 Metaspace       used 71949K, committed 72896K, reserved 1114112K
  class space    used 8776K, committed 9152K, reserved 1048576K
}
Event: 44.982 GC heap after
{Heap after GC invocations=37 (full 3):
 PSYoungGen      total 22528K, used 512K [0x00000000eab00000, 0x00000000ec680000, 0x0000000100000000)
  eden space 22016K, 0% used [0x00000000eab00000,0x00000000eab00000,0x00000000ec080000)
  from space 512K, 100% used [0x00000000ec600000,0x00000000ec680000,0x00000000ec680000)
  to   space 1024K, 0% used [0x00000000ec480000,0x00000000ec480000,0x00000000ec580000)
 ParOldGen       total 68608K, used 40904K [0x00000000c0000000, 0x00000000c4300000, 0x00000000eab00000)
  object space 68608K, 59% used [0x00000000c0000000,0x00000000c27f20e8,0x00000000c4300000)
 Metaspace       used 71949K, committed 72896K, reserved 1114112K
  class space    used 8776K, committed 9152K, reserved 1048576K
}
Event: 45.265 GC heap before
{Heap before GC invocations=38 (full 3):
 PSYoungGen      total 22528K, used 22526K [0x00000000eab00000, 0x00000000ec680000, 0x0000000100000000)
  eden space 22016K, 99% used [0x00000000eab00000,0x00000000ec07fa28,0x00000000ec080000)
  from space 512K, 100% used [0x00000000ec600000,0x00000000ec680000,0x00000000ec680000)
  to   space 1024K, 0% used [0x00000000ec480000,0x00000000ec480000,0x00000000ec580000)
 ParOldGen       total 68608K, used 40904K [0x00000000c0000000, 0x00000000c4300000, 0x00000000eab00000)
  object space 68608K, 59% used [0x00000000c0000000,0x00000000c27f20e8,0x00000000c4300000)
 Metaspace       used 71950K, committed 72896K, reserved 1114112K
  class space    used 8776K, committed 9152K, reserved 1048576K
}
Event: 45.267 GC heap after
{Heap after GC invocations=38 (full 3):
 PSYoungGen      total 23040K, used 261K [0x00000000eab00000, 0x00000000ec680000, 0x0000000100000000)
  eden space 22016K, 0% used [0x00000000eab00000,0x00000000eab00000,0x00000000ec080000)
  from space 1024K, 25% used [0x00000000ec480000,0x00000000ec4c14e8,0x00000000ec580000)
  to   space 512K, 0% used [0x00000000ec600000,0x00000000ec600000,0x00000000ec680000)
 ParOldGen       total 68608K, used 41187K [0x00000000c0000000, 0x00000000c4300000, 0x00000000eab00000)
  object space 68608K, 60% used [0x00000000c0000000,0x00000000c2838c68,0x00000000c4300000)
 Metaspace       used 71950K, committed 72896K, reserved 1114112K
  class space    used 8776K, committed 9152K, reserved 1048576K
}
Event: 45.571 GC heap before
{Heap before GC invocations=39 (full 3):
 PSYoungGen      total 23040K, used 22277K [0x00000000eab00000, 0x00000000ec680000, 0x0000000100000000)
  eden space 22016K, 100% used [0x00000000eab00000,0x00000000ec080000,0x00000000ec080000)
  from space 1024K, 25% used [0x00000000ec480000,0x00000000ec4c14e8,0x00000000ec580000)
  to   space 512K, 0% used [0x00000000ec600000,0x00000000ec600000,0x00000000ec680000)
 ParOldGen       total 68608K, used 41187K [0x00000000c0000000, 0x00000000c4300000, 0x00000000eab00000)
  object space 68608K, 60% used [0x00000000c0000000,0x00000000c2838c68,0x00000000c4300000)
 Metaspace       used 71950K, committed 72896K, reserved 1114112K
  class space    used 8776K, committed 9152K, reserved 1048576K
}
Event: 45.572 GC heap after
{Heap after GC invocations=39 (full 3):
 PSYoungGen      total 22528K, used 224K [0x00000000eab00000, 0x00000000ec680000, 0x0000000100000000)
  eden space 22016K, 0% used [0x00000000eab00000,0x00000000eab00000,0x00000000ec080000)
  from space 512K, 43% used [0x00000000ec600000,0x00000000ec638000,0x00000000ec680000)
  to   space 512K, 0% used [0x00000000ec580000,0x00000000ec580000,0x00000000ec600000)
 ParOldGen       total 68608K, used 41287K [0x00000000c0000000, 0x00000000c4300000, 0x00000000eab00000)
  object space 68608K, 60% used [0x00000000c0000000,0x00000000c2851d38,0x00000000c4300000)
 Metaspace       used 71950K, committed 72896K, reserved 1114112K
  class space    used 8776K, committed 9152K, reserved 1048576K
}
Event: 46.090 GC heap before
{Heap before GC invocations=40 (full 3):
 PSYoungGen      total 22528K, used 22240K [0x00000000eab00000, 0x00000000ec680000, 0x0000000100000000)
  eden space 22016K, 100% used [0x00000000eab00000,0x00000000ec080000,0x00000000ec080000)
  from space 512K, 43% used [0x00000000ec600000,0x00000000ec638000,0x00000000ec680000)
  to   space 512K, 0% used [0x00000000ec580000,0x00000000ec580000,0x00000000ec600000)
 ParOldGen       total 68608K, used 41287K [0x00000000c0000000, 0x00000000c4300000, 0x00000000eab00000)
  object space 68608K, 60% used [0x00000000c0000000,0x00000000c2851d38,0x00000000c4300000)
 Metaspace       used 71950K, committed 72896K, reserved 1114112K
  class space    used 8776K, committed 9152K, reserved 1048576K
}
Event: 46.092 GC heap after
{Heap after GC invocations=40 (full 3):
 PSYoungGen      total 22528K, used 469K [0x00000000eab00000, 0x00000000ec680000, 0x0000000100000000)
  eden space 22016K, 0% used [0x00000000eab00000,0x00000000eab00000,0x00000000ec080000)
  from space 512K, 91% used [0x00000000ec580000,0x00000000ec5f5780,0x00000000ec600000)
  to   space 512K, 0% used [0x00000000ec600000,0x00000000ec600000,0x00000000ec680000)
 ParOldGen       total 68608K, used 41335K [0x00000000c0000000, 0x00000000c4300000, 0x00000000eab00000)
  object space 68608K, 60% used [0x00000000c0000000,0x00000000c285dd48,0x00000000c4300000)
 Metaspace       used 71950K, committed 72896K, reserved 1114112K
  class space    used 8776K, committed 9152K, reserved 1048576K
}
Event: 46.477 GC heap before
{Heap before GC invocations=41 (full 3):
 PSYoungGen      total 22528K, used 22485K [0x00000000eab00000, 0x00000000ec680000, 0x0000000100000000)
  eden space 22016K, 100% used [0x00000000eab00000,0x00000000ec080000,0x00000000ec080000)
  from space 512K, 91% used [0x00000000ec580000,0x00000000ec5f5780,0x00000000ec600000)
  to   space 512K, 0% used [0x00000000ec600000,0x00000000ec600000,0x00000000ec680000)
 ParOldGen       total 68608K, used 41335K [0x00000000c0000000, 0x00000000c4300000, 0x00000000eab00000)
  object space 68608K, 60% used [0x00000000c0000000,0x00000000c285dd48,0x00000000c4300000)
 Metaspace       used 71950K, committed 72896K, reserved 1114112K
  class space    used 8776K, committed 9152K, reserved 1048576K
}
Event: 46.479 GC heap after
{Heap after GC invocations=41 (full 3):
 PSYoungGen      total 22528K, used 489K [0x00000000eab00000, 0x00000000ec680000, 0x0000000100000000)
  eden space 22016K, 0% used [0x00000000eab00000,0x00000000eab00000,0x00000000ec080000)
  from space 512K, 95% used [0x00000000ec600000,0x00000000ec67a5d8,0x00000000ec680000)
  to   space 1024K, 0% used [0x00000000ec480000,0x00000000ec480000,0x00000000ec580000)
 ParOldGen       total 68608K, used 41616K [0x00000000c0000000, 0x00000000c4300000, 0x00000000eab00000)
  object space 68608K, 60% used [0x00000000c0000000,0x00000000c28a4218,0x00000000c4300000)
 Metaspace       used 71950K, committed 72896K, reserved 1114112K
  class space    used 8776K, committed 9152K, reserved 1048576K
}
Event: 46.978 GC heap before
{Heap before GC invocations=42 (full 3):
 PSYoungGen      total 22528K, used 22505K [0x00000000eab00000, 0x00000000ec680000, 0x0000000100000000)
  eden space 22016K, 100% used [0x00000000eab00000,0x00000000ec080000,0x00000000ec080000)
  from space 512K, 95% used [0x00000000ec600000,0x00000000ec67a5d8,0x00000000ec680000)
  to   space 1024K, 0% used [0x00000000ec480000,0x00000000ec480000,0x00000000ec580000)
 ParOldGen       total 68608K, used 41616K [0x00000000c0000000, 0x00000000c4300000, 0x00000000eab00000)
  object space 68608K, 60% used [0x00000000c0000000,0x00000000c28a4218,0x00000000c4300000)
 Metaspace       used 71972K, committed 72896K, reserved 1114112K
  class space    used 8778K, committed 9152K, reserved 1048576K
}
Event: 46.981 GC heap after
{Heap after GC invocations=42 (full 3):
 PSYoungGen      total 23040K, used 970K [0x00000000eab00000, 0x00000000ec680000, 0x0000000100000000)
  eden space 22016K, 0% used [0x00000000eab00000,0x00000000eab00000,0x00000000ec080000)
  from space 1024K, 94% used [0x00000000ec480000,0x00000000ec572830,0x00000000ec580000)
  to   space 1024K, 0% used [0x00000000ec580000,0x00000000ec580000,0x00000000ec680000)
 ParOldGen       total 68608K, used 41640K [0x00000000c0000000, 0x00000000c4300000, 0x00000000eab00000)
  object space 68608K, 60% used [0x00000000c0000000,0x00000000c28aa218,0x00000000c4300000)
 Metaspace       used 71972K, committed 72896K, reserved 1114112K
  class space    used 8778K, committed 9152K, reserved 1048576K
}
Event: 47.241 GC heap before
{Heap before GC invocations=43 (full 3):
 PSYoungGen      total 23040K, used 22986K [0x00000000eab00000, 0x00000000ec680000, 0x0000000100000000)
  eden space 22016K, 100% used [0x00000000eab00000,0x00000000ec080000,0x00000000ec080000)
  from space 1024K, 94% used [0x00000000ec480000,0x00000000ec572830,0x00000000ec580000)
  to   space 1024K, 0% used [0x00000000ec580000,0x00000000ec580000,0x00000000ec680000)
 ParOldGen       total 68608K, used 41640K [0x00000000c0000000, 0x00000000c4300000, 0x00000000eab00000)
  object space 68608K, 60% used [0x00000000c0000000,0x00000000c28aa218,0x00000000c4300000)
 Metaspace       used 71972K, committed 72896K, reserved 1114112K
  class space    used 8778K, committed 9152K, reserved 1048576K
}
Event: 47.243 GC heap after
{Heap after GC invocations=43 (full 3):
 PSYoungGen      total 23040K, used 1023K [0x00000000eab00000, 0x00000000ec680000, 0x0000000100000000)
  eden space 22016K, 0% used [0x00000000eab00000,0x00000000eab00000,0x00000000ec080000)
  from space 1024K, 99% used [0x00000000ec580000,0x00000000ec67fca0,0x00000000ec680000)
  to   space 1536K, 0% used [0x00000000ec380000,0x00000000ec380000,0x00000000ec500000)
 ParOldGen       total 68608K, used 41704K [0x00000000c0000000, 0x00000000c4300000, 0x00000000eab00000)
  object space 68608K, 60% used [0x00000000c0000000,0x00000000c28ba218,0x00000000c4300000)
 Metaspace       used 71972K, committed 72896K, reserved 1114112K
  class space    used 8778K, committed 9152K, reserved 1048576K
}
Event: 47.507 GC heap before
{Heap before GC invocations=44 (full 3):
 PSYoungGen      total 23040K, used 23039K [0x00000000eab00000, 0x00000000ec680000, 0x0000000100000000)
  eden space 22016K, 100% used [0x00000000eab00000,0x00000000ec080000,0x00000000ec080000)
  from space 1024K, 99% used [0x00000000ec580000,0x00000000ec67fca0,0x00000000ec680000)
  to   space 1536K, 0% used [0x00000000ec380000,0x00000000ec380000,0x00000000ec500000)
 ParOldGen       total 68608K, used 41704K [0x00000000c0000000, 0x00000000c4300000, 0x00000000eab00000)
  object space 68608K, 60% used [0x00000000c0000000,0x00000000c28ba218,0x00000000c4300000)
 Metaspace       used 71972K, committed 72896K, reserved 1114112K
  class space    used 8778K, committed 9152K, reserved 1048576K
}
Event: 47.508 GC heap after
{Heap after GC invocations=44 (full 3):
 PSYoungGen      total 23552K, used 1150K [0x00000000eab00000, 0x00000000ec600000, 0x0000000100000000)
  eden space 22016K, 0% used [0x00000000eab00000,0x00000000eab00000,0x00000000ec080000)
  from space 1536K, 74% used [0x00000000ec380000,0x00000000ec49f9e8,0x00000000ec500000)
  to   space 1024K, 0% used [0x00000000ec500000,0x00000000ec500000,0x00000000ec600000)
 ParOldGen       total 68608K, used 41728K [0x00000000c0000000, 0x00000000c4300000, 0x00000000eab00000)
  object space 68608K, 60% used [0x00000000c0000000,0x00000000c28c0218,0x00000000c4300000)
 Metaspace       used 71972K, committed 72896K, reserved 1114112K
  class space    used 8778K, committed 9152K, reserved 1048576K
}
Event: 54.065 GC heap before
{Heap before GC invocations=45 (full 3):
 PSYoungGen      total 23552K, used 23166K [0x00000000eab00000, 0x00000000ec600000, 0x0000000100000000)
  eden space 22016K, 100% used [0x00000000eab00000,0x00000000ec080000,0x00000000ec080000)
  from space 1536K, 74% used [0x00000000ec380000,0x00000000ec49f9e8,0x00000000ec500000)
  to   space 1024K, 0% used [0x00000000ec500000,0x00000000ec500000,0x00000000ec600000)
 ParOldGen       total 68608K, used 41728K [0x00000000c0000000, 0x00000000c4300000, 0x00000000eab00000)
  object space 68608K, 60% used [0x00000000c0000000,0x00000000c28c0218,0x00000000c4300000)
 Metaspace       used 72848K, committed 73792K, reserved 1114112K
  class space    used 8914K, committed 9344K, reserved 1048576K
}
Event: 54.068 GC heap after
{Heap after GC invocations=45 (full 3):
 PSYoungGen      total 22528K, used 416K [0x00000000eab00000, 0x00000000ec580000, 0x0000000100000000)
  eden space 22016K, 0% used [0x00000000eab00000,0x00000000eab00000,0x00000000ec080000)
  from space 512K, 81% used [0x00000000ec500000,0x00000000ec568000,0x00000000ec580000)
  to   space 1024K, 0% used [0x00000000ec380000,0x00000000ec380000,0x00000000ec480000)
 ParOldGen       total 68608K, used 41752K [0x00000000c0000000, 0x00000000c4300000, 0x00000000eab00000)
  object space 68608K, 60% used [0x00000000c0000000,0x00000000c28c6218,0x00000000c4300000)
 Metaspace       used 72848K, committed 73792K, reserved 1114112K
  class space    used 8914K, committed 9344K, reserved 1048576K
}

