# JRE version: Java(TM) SE Runtime Environment (17.0.11+7) (build 17.0.11+7-LTS-207)
# Java VM: Java HotSpot(TM) 64-Bit Server VM (17.0.11+7-LTS-207, mixed mode, sharing, tiered, compressed oops, compressed class ptrs, g1 gc, windows-amd64)
GC Precious Log:
 CPUs: 8 total, 8 available
 Memory: 16157M
 Large Page Support: Disabled
 NUMA Support: Disabled
 Compressed Oops: Enabled (32-bit)
 Heap Region Size: 1M
 Heap Min Capacity: 8M
 Heap Initial Capacity: 254M
 Heap Max Capacity: 2G
 Pre-touch: Disabled
 Parallel Workers: 8
 Concurrent Workers: 2
 Concurrent Refinement Workers: 8
 Periodic GC: Disabled
Heap:
 garbage-first heap   total 172032K, used 106258K [0x0000000080000000, 0x0000000100000000)
  region size 1024K, 53 young (54272K), 3 survivors (3072K)
 Metaspace       used 63003K, committed 63616K, reserved 1114112K
  class space    used 8819K, committed 9088K, reserved 1048576K
GC Heap History (20 events):
Event: 13.887 GC heap before
{Heap before GC invocations=7 (full 0):
 garbage-first heap   total 86016K, used 63197K [0x0000000080000000, 0x0000000100000000)
  region size 1024K, 37 young (37888K), 3 survivors (3072K)
 Metaspace       used 33910K, committed 34304K, reserved 1114112K
  class space    used 4946K, committed 5120K, reserved 1048576K
}
Event: 13.893 GC heap after
{Heap after GC invocations=8 (full 0):
 garbage-first heap   total 86016K, used 30320K [0x0000000080000000, 0x0000000100000000)
  region size 1024K, 5 young (5120K), 5 survivors (5120K)
 Metaspace       used 33910K, committed 34304K, reserved 1114112K
  class space    used 4946K, committed 5120K, reserved 1048576K
}
Event: 14.618 GC heap before
{Heap before GC invocations=8 (full 0):
 garbage-first heap   total 86016K, used 56944K [0x0000000080000000, 0x0000000100000000)
  region size 1024K, 32 young (32768K), 5 survivors (5120K)
 Metaspace       used 35610K, committed 35968K, reserved 1114112K
  class space    used 5156K, committed 5312K, reserved 1048576K
}
Event: 14.628 GC heap after
{Heap after GC invocations=9 (full 0):
 garbage-first heap   total 86016K, used 31274K [0x0000000080000000, 0x0000000100000000)
  region size 1024K, 5 young (5120K), 5 survivors (5120K)
 Metaspace       used 35610K, committed 35968K, reserved 1114112K
  class space    used 5156K, committed 5312K, reserved 1048576K
}
Event: 16.400 GC heap before
{Heap before GC invocations=10 (full 0):
 garbage-first heap   total 86016K, used 65066K [0x0000000080000000, 0x0000000100000000)
  region size 1024K, 38 young (38912K), 5 survivors (5120K)
 Metaspace       used 41513K, committed 41920K, reserved 1114112K
  class space    used 5847K, committed 6016K, reserved 1048576K
}
Event: 16.408 GC heap after
{Heap after GC invocations=11 (full 0):
 garbage-first heap   total 86016K, used 34794K [0x0000000080000000, 0x0000000100000000)
  region size 1024K, 5 young (5120K), 5 survivors (5120K)
 Metaspace       used 41513K, committed 41920K, reserved 1114112K
  class space    used 5847K, committed 6016K, reserved 1048576K
}
Event: 16.430 GC heap before
{Heap before GC invocations=11 (full 0):
 garbage-first heap   total 86016K, used 35818K [0x0000000080000000, 0x0000000100000000)
  region size 1024K, 6 young (6144K), 5 survivors (5120K)
 Metaspace       used 41525K, committed 41920K, reserved 1114112K
  class space    used 5847K, committed 6016K, reserved 1048576K
}
Event: 16.437 GC heap after
{Heap after GC invocations=12 (full 0):
 garbage-first heap   total 86016K, used 35471K [0x0000000080000000, 0x0000000100000000)
  region size 1024K, 1 young (1024K), 1 survivors (1024K)
 Metaspace       used 41525K, committed 41920K, reserved 1114112K
  class space    used 5847K, committed 6016K, reserved 1048576K
}
Event: 16.599 GC heap before
{Heap before GC invocations=12 (full 0):
 garbage-first heap   total 86016K, used 41615K [0x0000000080000000, 0x0000000100000000)
  region size 1024K, 5 young (5120K), 1 survivors (1024K)
 Metaspace       used 41777K, committed 42176K, reserved 1114112K
  class space    used 5879K, committed 6080K, reserved 1048576K
}
Event: 16.604 GC heap after
{Heap after GC invocations=13 (full 0):
 garbage-first heap   total 86016K, used 37141K [0x0000000080000000, 0x0000000100000000)
  region size 1024K, 1 young (1024K), 1 survivors (1024K)
 Metaspace       used 41777K, committed 42176K, reserved 1114112K
  class space    used 5879K, committed 6080K, reserved 1048576K
}
Event: 17.180 GC heap before
{Heap before GC invocations=13 (full 0):
 garbage-first heap   total 86016K, used 68885K [0x0000000080000000, 0x0000000100000000)
  region size 1024K, 30 young (30720K), 1 survivors (1024K)
 Metaspace       used 42656K, committed 43072K, reserved 1114112K
  class space    used 5908K, committed 6144K, reserved 1048576K
}
Event: 17.189 GC heap after
{Heap after GC invocations=14 (full 0):
 garbage-first heap   total 172032K, used 37369K [0x0000000080000000, 0x0000000100000000)
  region size 1024K, 3 young (3072K), 3 survivors (3072K)
 Metaspace       used 42656K, committed 43072K, reserved 1114112K
  class space    used 5908K, committed 6144K, reserved 1048576K
}
Event: 18.166 GC heap before
{Heap before GC invocations=14 (full 0):
 garbage-first heap   total 172032K, used 128505K [0x0000000080000000, 0x0000000100000000)
  region size 1024K, 92 young (94208K), 3 survivors (3072K)
 Metaspace       used 42667K, committed 43136K, reserved 1114112K
  class space    used 5908K, committed 6144K, reserved 1048576K
}
Event: 18.183 GC heap after
{Heap after GC invocations=15 (full 0):
 garbage-first heap   total 172032K, used 42269K [0x0000000080000000, 0x0000000100000000)
  region size 1024K, 8 young (8192K), 8 survivors (8192K)
 Metaspace       used 42667K, committed 43136K, reserved 1114112K
  class space    used 5908K, committed 6144K, reserved 1048576K
}
Event: 21.018 GC heap before
{Heap before GC invocations=15 (full 0):
 garbage-first heap   total 172032K, used 130333K [0x0000000080000000, 0x0000000100000000)
  region size 1024K, 95 young (97280K), 8 survivors (8192K)
 Metaspace       used 46092K, committed 46592K, reserved 1114112K
  class space    used 6295K, committed 6528K, reserved 1048576K
}
Event: 21.034 GC heap after
{Heap after GC invocations=16 (full 0):
 garbage-first heap   total 172032K, used 46738K [0x0000000080000000, 0x0000000100000000)
  region size 1024K, 10 young (10240K), 10 survivors (10240K)
 Metaspace       used 46092K, committed 46592K, reserved 1114112K
  class space    used 6295K, committed 6528K, reserved 1048576K
}
Event: 24.427 GC heap before
{Heap before GC invocations=16 (full 0):
 garbage-first heap   total 172032K, used 135826K [0x0000000080000000, 0x0000000100000000)
  region size 1024K, 96 young (98304K), 10 survivors (10240K)
 Metaspace       used 59111K, committed 59648K, reserved 1114112K
  class space    used 8312K, committed 8576K, reserved 1048576K
}
Event: 24.453 GC heap after
{Heap after GC invocations=17 (full 0):
 garbage-first heap   total 172032K, used 48749K [0x0000000080000000, 0x0000000100000000)
  region size 1024K, 7 young (7168K), 7 survivors (7168K)
 Metaspace       used 59111K, committed 59648K, reserved 1114112K
  class space    used 8312K, committed 8576K, reserved 1048576K
}
Event: 24.652 GC heap before
{Heap before GC invocations=17 (full 0):
 garbage-first heap   total 172032K, used 51821K [0x0000000080000000, 0x0000000100000000)
  region size 1024K, 11 young (11264K), 7 survivors (7168K)
 Metaspace       used 59664K, committed 60160K, reserved 1114112K
  class space    used 8387K, committed 8640K, reserved 1048576K
}
Event: 24.664 GC heap after
{Heap after GC invocations=18 (full 0):
 garbage-first heap   total 172032K, used 48914K [0x0000000080000000, 0x0000000100000000)
  region size 1024K, 3 young (3072K), 3 survivors (3072K)
 Metaspace       used 59664K, committed 60160K, reserved 1114112K
  class space    used 8387K, committed 8640K, reserved 1048576K
}

